# JRE version: Java(TM) SE Runtime Environment (11.0.1+13) (build 11.0.1+13-LTS)
# Java VM: Java HotSpot(TM) 64-Bit Server VM (11.0.1+13-LTS, mixed mode, tiered, compressed oops, g1 gc, windows-amd64)
Heap:
 garbage-first heap   total 131072K, used 9543K [0x0000000081800000, 0x0000000100000000)
  region size 1024K, 5 young (5120K), 4 survivors (4096K)
 Metaspace       used 24007K, capacity 24307K, committed 24576K, reserved 1079296K
  class space    used 2625K, capacity 2778K, committed 2816K, reserved 1048576K
GC Heap History (6 events):
Event: 0.931 GC heap before
{Heap before GC invocations=0 (full 0):
 garbage-first heap   total 131072K, used 14336K [0x0000000081800000, 0x0000000100000000)
  region size 1024K, 14 young (14336K), 0 survivors (0K)
 Metaspace       used 11857K, capacity 12044K, committed 12288K, reserved 1060864K
  class space    used 1153K, capacity 1207K, committed 1280K, reserved 1048576K
}
Event: 0.936 GC heap after
{Heap after GC invocations=1 (full 0):
 garbage-first heap   total 131072K, used 5215K [0x0000000081800000, 0x0000000100000000)
  region size 1024K, 2 young (2048K), 2 survivors (2048K)
 Metaspace       used 11857K, capacity 12044K, committed 12288K, reserved 1060864K
  class space    used 1153K, capacity 1207K, committed 1280K, reserved 1048576K
}
Event: 1.434 GC heap before
{Heap before GC invocations=1 (full 0):
 garbage-first heap   total 131072K, used 15455K [0x0000000081800000, 0x0000000100000000)
  region size 1024K, 12 young (12288K), 2 survivors (2048K)
 Metaspace       used 15102K, capacity 15452K, committed 15616K, reserved 1062912K
  class space    used 1586K, capacity 1732K, committed 1792K, reserved 1048576K
}
Event: 1.441 GC heap after
{Heap after GC invocations=2 (full 0):
 garbage-first heap   total 131072K, used 5975K [0x0000000081800000, 0x0000000100000000)
  region size 1024K, 1 young (1024K), 1 survivors (1024K)
 Metaspace       used 15102K, capacity 15452K, committed 15616K, reserved 1062912K
  class space    used 1586K, capacity 1732K, committed 1792K, reserved 1048576K
}
Event: 10.616 GC heap before
{Heap before GC invocations=2 (full 0):
 garbage-first heap   total 131072K, used 27479K [0x0000000081800000, 0x0000000100000000)
  region size 1024K, 23 young (23552K), 1 survivors (1024K)
 Metaspace       used 20918K, capacity 21214K, committed 21296K, reserved 1069056K
  class space    used 2309K, capacity 2412K, committed 2432K, reserved 1048576K
}
Event: 10.622 GC heap after
{Heap after GC invocations=3 (full 0):
 garbage-first heap   total 131072K, used 8240K [0x0000000081800000, 0x0000000100000000)
  region size 1024K, 3 young (3072K), 3 survivors (3072K)
 Metaspace       used 20918K, capacity 21214K, committed 21296K, reserved 1069056K
  class space    used 2309K, capacity 2412K, committed 2432K, reserved 1048576K
}

