# JRE version: Java(TM) SE Runtime Environment (11.0.1+13) (build 11.0.1+13-LTS)
# Java VM: Java HotSpot(TM) 64-Bit Server VM (11.0.1+13-LTS, mixed mode, tiered, compressed oops, g1 gc, windows-amd64)
Heap:
 garbage-first heap   total 131072K, used 14632K [0x0000000081800000, 0x0000000100000000)
  region size 1024K, 10 young (10240K), 3 survivors (3072K)
 Metaspace       used 23216K, capacity 23626K, committed 23856K, reserved 1071104K
  class space    used 2542K, capacity 2682K, committed 2688K, reserved 1048576K
GC Heap History (6 events):
Event: 1.024 GC heap before
{Heap before GC invocations=0 (full 0):
 garbage-first heap   total 131072K, used 14336K [0x0000000081800000, 0x0000000100000000)
  region size 1024K, 14 young (14336K), 0 survivors (0K)
 Metaspace       used 12236K, capacity 12518K, committed 12672K, reserved 1060864K
  class space    used 1199K, capacity 1281K, committed 1408K, reserved 1048576K
}
Event: 1.032 GC heap after
{Heap after GC invocations=1 (full 0):
 garbage-first heap   total 131072K, used 5401K [0x0000000081800000, 0x0000000100000000)
  region size 1024K, 2 young (2048K), 2 survivors (2048K)
 Metaspace       used 12236K, capacity 12518K, committed 12672K, reserved 1060864K
  class space    used 1199K, capacity 1281K, committed 1408K, reserved 1048576K
}
Event: 1.330 GC heap before
{Heap before GC invocations=1 (full 0):
 garbage-first heap   total 131072K, used 14617K [0x0000000081800000, 0x0000000100000000)
  region size 1024K, 11 young (11264K), 2 survivors (2048K)
 Metaspace       used 14965K, capacity 15228K, committed 15360K, reserved 1062912K
  class space    used 1576K, capacity 1700K, committed 1792K, reserved 1048576K
}
Event: 1.334 GC heap after
{Heap after GC invocations=2 (full 0):
 garbage-first heap   total 131072K, used 6045K [0x0000000081800000, 0x0000000100000000)
  region size 1024K, 1 young (1024K), 1 survivors (1024K)
 Metaspace       used 14965K, capacity 15228K, committed 15360K, reserved 1062912K
  class space    used 1576K, capacity 1700K, committed 1792K, reserved 1048576K
}
Event: 10.523 GC heap before
{Heap before GC invocations=2 (full 0):
 garbage-first heap   total 131072K, used 26525K [0x0000000081800000, 0x0000000100000000)
  region size 1024K, 22 young (22528K), 1 survivors (1024K)
 Metaspace       used 20772K, capacity 21150K, committed 21296K, reserved 1069056K
  class space    used 2296K, capacity 2412K, committed 2432K, reserved 1048576K
}
Event: 10.531 GC heap after
{Heap after GC invocations=3 (full 0):
 garbage-first heap   total 131072K, used 8488K [0x0000000081800000, 0x0000000100000000)
  region size 1024K, 3 young (3072K), 3 survivors (3072K)
 Metaspace       used 20772K, capacity 21150K, committed 21296K, reserved 1069056K
  class space    used 2296K, capacity 2412K, committed 2432K, reserved 1048576K
}

