<?xml version="1.0" encoding="UTF-8"?>
<testng-results ignored="0" total="1" passed="1" failed="0" skipped="0">
  <reporter-output>
  </reporter-output>
  <suite started-at="2020-06-24T22:12:33 EDT" name="Default suite" finished-at="2020-06-24T22:13:07 EDT" duration-ms="33818">
    <groups>
    </groups>
    <test started-at="2020-06-24T22:12:33 EDT" name="Default test" finished-at="2020-06-24T22:13:07 EDT" duration-ms="33818">
      <class name="slack.AccLoginTest">
        <test-method is-config="true" signature="setUp()[pri:0, instance:slack.AccLoginTest@fd07cbb]" started-at="2020-06-24T22:12:33 EDT" name="setUp" finished-at="2020-06-24T22:12:47 EDT" duration-ms="14339" status="PASS">
          <reporter-output>
          </reporter-output>
        </test-method> <!-- setUp -->
        <test-method signature="workspaceUrltest(java.lang.String, java.lang.String, java.lang.String)[pri:0, instance:slack.AccLoginTest@fd07cbb]" started-at="2020-06-24T22:12:49 EDT" name="workspaceUrltest" data-provider="signupinfo" finished-at="2020-06-24T22:13:07 EDT" duration-ms="17717" status="PASS">
          <params>
            <param index="0">
              <value>
                <![CDATA[imraniham]]>
              </value>
            </param>
            <param index="1">
              <value>
                <![CDATA[abrariham19@gmail.com]]>
              </value>
            </param>
            <param index="2">
              <value>
                <![CDATA[slacktest]]>
              </value>
            </param>
          </params>
          <reporter-output>
          </reporter-output>
        </test-method> <!-- workspaceUrltest -->
      </class> <!-- slack.AccLoginTest -->
    </test> <!-- Default test -->
  </suite> <!-- Default suite -->
</testng-results>
